# JRE version: OpenJDK Runtime Environment (11.0.12+7) (build 11.0.12+7-b1504.28-7817840)
# Java VM: OpenJDK 64-Bit Server VM (11.0.12+7-b1504.28-7817840, mixed mode, tiered, compressed oops, g1 gc, windows-amd64)
Heap:
 garbage-first heap   total 349184K, used 150226K [0x0000000080000000, 0x0000000100000000)
  region size 1024K, 6 young (6144K), 6 survivors (6144K)
 Metaspace       used 97386K, capacity 99811K, committed 100216K, reserved 1136640K
  class space    used 12642K, capacity 13585K, committed 13772K, reserved 1048576K
GC Heap History (20 events):
Event: 14.776 GC heap after
{Heap after GC invocations=26 (full 0):
 garbage-first heap   total 187392K, used 90235K [0x0000000080000000, 0x0000000100000000)
  region size 1024K, 7 young (7168K), 7 survivors (7168K)
 Metaspace       used 91411K, capacity 93732K, committed 93816K, reserved 1130496K
  class space    used 11902K, capacity 12737K, committed 12748K, reserved 1048576K
}
Event: 14.778 GC heap before
{Heap before GC invocations=26 (full 0):
 garbage-first heap   total 187392K, used 92283K [0x0000000080000000, 0x0000000100000000)
  region size 1024K, 9 young (9216K), 7 survivors (7168K)
 Metaspace       used 91411K, capacity 93732K, committed 93816K, reserved 1130496K
  class space    used 11902K, capacity 12737K, committed 12748K, reserved 1048576K
}
Event: 14.784 GC heap after
{Heap after GC invocations=27 (full 0):
 garbage-first heap   total 187392K, used 89254K [0x0000000080000000, 0x0000000100000000)
  region size 1024K, 1 young (1024K), 1 survivors (1024K)
 Metaspace       used 91411K, capacity 93732K, committed 93816K, reserved 1130496K
  class space    used 11902K, capacity 12737K, committed 12748K, reserved 1048576K
}
Event: 14.847 GC heap before
{Heap before GC invocations=27 (full 0):
 garbage-first heap   total 187392K, used 141478K [0x0000000080000000, 0x0000000100000000)
  region size 1024K, 53 young (54272K), 1 survivors (1024K)
 Metaspace       used 91755K, capacity 94042K, committed 94200K, reserved 1130496K
  class space    used 11936K, capacity 12775K, committed 12876K, reserved 1048576K
}
Event: 14.853 GC heap after
{Heap after GC invocations=28 (full 0):
 garbage-first heap   total 187392K, used 102525K [0x0000000080000000, 0x0000000100000000)
  region size 1024K, 7 young (7168K), 7 survivors (7168K)
 Metaspace       used 91755K, capacity 94042K, committed 94200K, reserved 1130496K
  class space    used 11936K, capacity 12775K, committed 12876K, reserved 1048576K
}
Event: 15.167 GC heap before
{Heap before GC invocations=29 (full 0):
 garbage-first heap   total 187392K, used 144509K [0x0000000080000000, 0x0000000100000000)
  region size 1024K, 49 young (50176K), 7 survivors (7168K)
 Metaspace       used 94638K, capacity 97030K, committed 97144K, reserved 1132544K
  class space    used 12341K, capacity 13238K, committed 13260K, reserved 1048576K
}
Event: 15.175 GC heap after
{Heap after GC invocations=30 (full 0):
 garbage-first heap   total 187392K, used 110735K [0x0000000080000000, 0x0000000100000000)
  region size 1024K, 7 young (7168K), 7 survivors (7168K)
 Metaspace       used 94638K, capacity 97030K, committed 97144K, reserved 1132544K
  class space    used 12341K, capacity 13238K, committed 13260K, reserved 1048576K
}
Event: 15.295 GC heap before
{Heap before GC invocations=30 (full 0):
 garbage-first heap   total 187392K, used 148623K [0x0000000080000000, 0x0000000100000000)
  region size 1024K, 44 young (45056K), 7 survivors (7168K)
 Metaspace       used 95245K, capacity 97731K, committed 97912K, reserved 1134592K
  class space    used 12426K, capacity 13386K, committed 13516K, reserved 1048576K
}
Event: 15.314 GC heap after
{Heap after GC invocations=31 (full 0):
 garbage-first heap   total 187392K, used 116736K [0x0000000080000000, 0x0000000100000000)
  region size 1024K, 6 young (6144K), 6 survivors (6144K)
 Metaspace       used 95245K, capacity 97731K, committed 97912K, reserved 1134592K
  class space    used 12426K, capacity 13386K, committed 13516K, reserved 1048576K
}
Event: 15.423 GC heap before
{Heap before GC invocations=31 (full 0):
 garbage-first heap   total 187392K, used 149504K [0x0000000080000000, 0x0000000100000000)
  region size 1024K, 39 young (39936K), 6 survivors (6144K)
 Metaspace       used 95788K, capacity 98267K, committed 98424K, reserved 1134592K
  class space    used 12496K, capacity 13433K, committed 13516K, reserved 1048576K
}
Event: 15.435 GC heap after
{Heap after GC invocations=32 (full 0):
 garbage-first heap   total 187392K, used 123513K [0x0000000080000000, 0x0000000100000000)
  region size 1024K, 5 young (5120K), 5 survivors (5120K)
 Metaspace       used 95788K, capacity 98267K, committed 98424K, reserved 1134592K
  class space    used 12496K, capacity 13433K, committed 13516K, reserved 1048576K
}
Event: 15.550 GC heap before
{Heap before GC invocations=33 (full 0):
 garbage-first heap   total 187392K, used 152185K [0x0000000080000000, 0x0000000100000000)
  region size 1024K, 33 young (33792K), 5 survivors (5120K)
 Metaspace       used 96174K, capacity 98649K, committed 98680K, reserved 1134592K
  class space    used 12541K, capacity 13495K, committed 13516K, reserved 1048576K
}
Event: 15.565 GC heap after
{Heap after GC invocations=34 (full 0):
 garbage-first heap   total 225280K, used 129722K [0x0000000080000000, 0x0000000100000000)
  region size 1024K, 5 young (5120K), 5 survivors (5120K)
 Metaspace       used 96174K, capacity 98649K, committed 98680K, reserved 1134592K
  class space    used 12541K, capacity 13495K, committed 13516K, reserved 1048576K
}
Event: 15.578 GC heap before
{Heap before GC invocations=34 (full 0):
 garbage-first heap   total 225280K, used 135866K [0x0000000080000000, 0x0000000100000000)
  region size 1024K, 11 young (11264K), 5 survivors (5120K)
 Metaspace       used 96185K, capacity 98649K, committed 98680K, reserved 1134592K
  class space    used 12545K, capacity 13495K, committed 13516K, reserved 1048576K
}
Event: 15.590 GC heap after
{Heap after GC invocations=35 (full 0):
 garbage-first heap   total 225280K, used 128501K [0x0000000080000000, 0x0000000100000000)
  region size 1024K, 2 young (2048K), 2 survivors (2048K)
 Metaspace       used 96185K, capacity 98649K, committed 98680K, reserved 1134592K
  class space    used 12545K, capacity 13495K, committed 13516K, reserved 1048576K
}
Event: 15.671 GC heap before
{Heap before GC invocations=35 (full 0):
 garbage-first heap   total 225280K, used 169461K [0x0000000080000000, 0x0000000100000000)
  region size 1024K, 42 young (43008K), 2 survivors (2048K)
 Metaspace       used 96558K, capacity 99065K, committed 99320K, reserved 1134592K
  class space    used 12579K, capacity 13527K, committed 13644K, reserved 1048576K
}
Event: 15.688 GC heap after
{Heap after GC invocations=36 (full 0):
 garbage-first heap   total 225280K, used 136451K [0x0000000080000000, 0x0000000100000000)
  region size 1024K, 6 young (6144K), 6 survivors (6144K)
 Metaspace       used 96558K, capacity 99065K, committed 99320K, reserved 1134592K
  class space    used 12579K, capacity 13527K, committed 13644K, reserved 1048576K
}
Event: 15.845 GC heap before
{Heap before GC invocations=36 (full 0):
 garbage-first heap   total 225280K, used 175363K [0x0000000080000000, 0x0000000100000000)
  region size 1024K, 44 young (45056K), 6 survivors (6144K)
 Metaspace       used 97330K, capacity 99871K, committed 100216K, reserved 1136640K
  class space    used 12685K, capacity 13666K, committed 13772K, reserved 1048576K
}
Event: 15.857 GC heap after
{Heap after GC invocations=37 (full 0):
 garbage-first heap   total 225280K, used 143528K [0x0000000080000000, 0x0000000100000000)
  region size 1024K, 6 young (6144K), 6 survivors (6144K)
 Metaspace       used 97330K, capacity 99871K, committed 100216K, reserved 1136640K
  class space    used 12685K, capacity 13666K, committed 13772K, reserved 1048576K
}
Event: 16.063 GC heap before
{Heap before GC invocations=38 (full 0):
 garbage-first heap   total 225280K, used 179368K [0x0000000080000000, 0x0000000100000000)
  region size 1024K, 41 young (41984K), 6 survivors (6144K)
 Metaspace       used 97386K, capacity 99811K, committed 100216K, reserved 1136640K
  class space    used 12642K, capacity 13585K, committed 13772K, reserved 1048576K
}

