# JRE version: OpenJDK Runtime Environment (8.0_332-b08) (build 1.8.0_332-b08)
# Java VM: OpenJDK 64-Bit Server VM (25.332-b08 mixed mode windows-amd64 compressed oops)
Heap:
 PSYoungGen      total 466432K, used 344060K [0x00000000d5580000, 0x00000000f4100000, 0x0000000100000000)
  eden space 429568K, 75% used [0x00000000d5580000,0x00000000e93109d8,0x00000000ef900000)
  from space 36864K, 51% used [0x00000000ef900000,0x00000000f0b6e6b0,0x00000000f1d00000)
  to   space 27136K, 0% used [0x00000000f2680000,0x00000000f2680000,0x00000000f4100000)
 ParOldGen       total 201728K, used 65633K [0x0000000080000000, 0x000000008c500000, 0x00000000d5580000)
  object space 201728K, 32% used [0x0000000080000000,0x0000000084018518,0x000000008c500000)
 Metaspace       used 99230K, capacity 105340K, committed 105600K, reserved 1140736K
  class space    used 13549K, capacity 14698K, committed 14720K, reserved 1048576K
GC Heap History (10 events):
Event: 12.068 GC heap before
{Heap before GC invocations=15 (full 3):
 PSYoungGen      total 272896K, used 251392K [0x00000000d5580000, 0x00000000ed580000, 0x0000000100000000)
  eden space 251392K, 100% used [0x00000000d5580000,0x00000000e4b00000,0x00000000e4b00000)
  from space 21504K, 0% used [0x00000000e4b00000,0x00000000e4b00000,0x00000000e6000000)
  to   space 22016K, 0% used [0x00000000ec000000,0x00000000ec000000,0x00000000ed580000)
 ParOldGen       total 130048K, used 29269K [0x0000000080000000, 0x0000000087f00000, 0x00000000d5580000)
  object space 130048K, 22% used [0x0000000080000000,0x0000000081c956e8,0x0000000087f00000)
 Metaspace       used 71039K, capacity 74756K, committed 74880K, reserved 1114112K
  class space    used 10125K, capacity 10793K, committed 10880K, reserved 1048576K
Event: 12.096 GC heap after
Heap after GC invocations=15 (full 3):
 PSYoungGen      total 358400K, used 22005K [0x00000000d5580000, 0x00000000ed580000, 0x0000000100000000)
  eden space 336384K, 0% used [0x00000000d5580000,0x00000000d5580000,0x00000000e9e00000)
  from space 22016K, 99% used [0x00000000ec000000,0x00000000ed57d6c8,0x00000000ed580000)
  to   space 27136K, 0% used [0x00000000ea080000,0x00000000ea080000,0x00000000ebb00000)
 ParOldGen       total 130048K, used 33333K [0x0000000080000000, 0x0000000087f00000, 0x00000000d5580000)
  object space 130048K, 25% used [0x0000000080000000,0x000000008208d790,0x0000000087f00000)
 Metaspace       used 71039K, capacity 74756K, committed 74880K, reserved 1114112K
  class space    used 10125K, capacity 10793K, committed 10880K, reserved 1048576K
}
Event: 18.667 GC heap before
{Heap before GC invocations=16 (full 3):
 PSYoungGen      total 358400K, used 358389K [0x00000000d5580000, 0x00000000ed580000, 0x0000000100000000)
  eden space 336384K, 100% used [0x00000000d5580000,0x00000000e9e00000,0x00000000e9e00000)
  from space 22016K, 99% used [0x00000000ec000000,0x00000000ed57d6c8,0x00000000ed580000)
  to   space 27136K, 0% used [0x00000000ea080000,0x00000000ea080000,0x00000000ebb00000)
 ParOldGen       total 130048K, used 33333K [0x0000000080000000, 0x0000000087f00000, 0x00000000d5580000)
  object space 130048K, 25% used [0x0000000080000000,0x000000008208d790,0x0000000087f00000)
 Metaspace       used 91822K, capacity 96772K, committed 96896K, reserved 1132544K
  class space    used 12811K, capacity 13694K, committed 13696K, reserved 1048576K
Event: 18.714 GC heap after
Heap after GC invocations=16 (full 3):
 PSYoungGen      total 366080K, used 27125K [0x00000000d5580000, 0x00000000f4b80000, 0x0000000100000000)
  eden space 338944K, 0% used [0x00000000d5580000,0x00000000d5580000,0x00000000ea080000)
  from space 27136K, 99% used [0x00000000ea080000,0x00000000ebafd5e0,0x00000000ebb00000)
  to   space 37888K, 0% used [0x00000000f2680000,0x00000000f2680000,0x00000000f4b80000)
 ParOldGen       total 130048K, used 50292K [0x0000000080000000, 0x0000000087f00000, 0x00000000d5580000)
  object space 130048K, 38% used [0x0000000080000000,0x000000008311d378,0x0000000087f00000)
 Metaspace       used 91822K, capacity 96772K, committed 96896K, reserved 1132544K
  class space    used 12811K, capacity 13694K, committed 13696K, reserved 1048576K
}
Event: 21.781 GC heap before
{Heap before GC invocations=17 (full 3):
 PSYoungGen      total 366080K, used 126523K [0x00000000d5580000, 0x00000000f4b80000, 0x0000000100000000)
  eden space 338944K, 29% used [0x00000000d5580000,0x00000000db6919c8,0x00000000ea080000)
  from space 27136K, 99% used [0x00000000ea080000,0x00000000ebafd5e0,0x00000000ebb00000)
  to   space 37888K, 0% used [0x00000000f2680000,0x00000000f2680000,0x00000000f4b80000)
 ParOldGen       total 130048K, used 50292K [0x0000000080000000, 0x0000000087f00000, 0x00000000d5580000)
  object space 130048K, 38% used [0x0000000080000000,0x000000008311d378,0x0000000087f00000)
 Metaspace       used 93496K, capacity 98356K, committed 98496K, reserved 1134592K
  class space    used 12960K, capacity 13832K, committed 13952K, reserved 1048576K
Event: 21.796 GC heap after
Heap after GC invocations=17 (full 3):
 PSYoungGen      total 456704K, used 5648K [0x00000000d5580000, 0x00000000f4100000, 0x0000000100000000)
  eden space 429568K, 0% used [0x00000000d5580000,0x00000000d5580000,0x00000000ef900000)
  from space 27136K, 20% used [0x00000000f2680000,0x00000000f2c04300,0x00000000f4100000)
  to   space 36864K, 0% used [0x00000000ef900000,0x00000000ef900000,0x00000000f1d00000)
 ParOldGen       total 130048K, used 66850K [0x0000000080000000, 0x0000000087f00000, 0x00000000d5580000)
  object space 130048K, 51% used [0x0000000080000000,0x0000000084148b28,0x0000000087f00000)
 Metaspace       used 93496K, capacity 98356K, committed 98496K, reserved 1134592K
  class space    used 12960K, capacity 13832K, committed 13952K, reserved 1048576K
}
Event: 21.796 GC heap before
{Heap before GC invocations=18 (full 4):
 PSYoungGen      total 456704K, used 5648K [0x00000000d5580000, 0x00000000f4100000, 0x0000000100000000)
  eden space 429568K, 0% used [0x00000000d5580000,0x00000000d5580000,0x00000000ef900000)
  from space 27136K, 20% used [0x00000000f2680000,0x00000000f2c04300,0x00000000f4100000)
  to   space 36864K, 0% used [0x00000000ef900000,0x00000000ef900000,0x00000000f1d00000)
 ParOldGen       total 130048K, used 66850K [0x0000000080000000, 0x0000000087f00000, 0x00000000d5580000)
  object space 130048K, 51% used [0x0000000080000000,0x0000000084148b28,0x0000000087f00000)
 Metaspace       used 93496K, capacity 98356K, committed 98496K, reserved 1134592K
  class space    used 12960K, capacity 13832K, committed 13952K, reserved 1048576K
Event: 21.977 GC heap after
Heap after GC invocations=18 (full 4):
 PSYoungGen      total 456704K, used 0K [0x00000000d5580000, 0x00000000f4100000, 0x0000000100000000)
  eden space 429568K, 0% used [0x00000000d5580000,0x00000000d5580000,0x00000000ef900000)
  from space 27136K, 0% used [0x00000000f2680000,0x00000000f2680000,0x00000000f4100000)
  to   space 36864K, 0% used [0x00000000ef900000,0x00000000ef900000,0x00000000f1d00000)
 ParOldGen       total 201728K, used 65625K [0x0000000080000000, 0x000000008c500000, 0x00000000d5580000)
  object space 201728K, 32% used [0x0000000080000000,0x0000000084016518,0x000000008c500000)
 Metaspace       used 93352K, capacity 97928K, committed 98496K, reserved 1134592K
  class space    used 12914K, capacity 13732K, committed 13952K, reserved 1048576K
}
Event: 444.458 GC heap before
{Heap before GC invocations=19 (full 4):
 PSYoungGen      total 456704K, used 429568K [0x00000000d5580000, 0x00000000f4100000, 0x0000000100000000)
  eden space 429568K, 100% used [0x00000000d5580000,0x00000000ef900000,0x00000000ef900000)
  from space 27136K, 0% used [0x00000000f2680000,0x00000000f2680000,0x00000000f4100000)
  to   space 36864K, 0% used [0x00000000ef900000,0x00000000ef900000,0x00000000f1d00000)
 ParOldGen       total 201728K, used 65625K [0x0000000080000000, 0x000000008c500000, 0x00000000d5580000)
  object space 201728K, 32% used [0x0000000080000000,0x0000000084016518,0x000000008c500000)
 Metaspace       used 95940K, capacity 101424K, committed 101504K, reserved 1136640K
  class space    used 13139K, capacity 14158K, committed 14208K, reserved 1048576K
Event: 444.690 GC heap after
Heap after GC invocations=19 (full 4):
 PSYoungGen      total 466432K, used 18873K [0x00000000d5580000, 0x00000000f4100000, 0x0000000100000000)
  eden space 429568K, 0% used [0x00000000d5580000,0x00000000d5580000,0x00000000ef900000)
  from space 36864K, 51% used [0x00000000ef900000,0x00000000f0b6e6b0,0x00000000f1d00000)
  to   space 27136K, 0% used [0x00000000f2680000,0x00000000f2680000,0x00000000f4100000)
 ParOldGen       total 201728K, used 65633K [0x0000000080000000, 0x000000008c500000, 0x00000000d5580000)
  object space 201728K, 32% used [0x0000000080000000,0x0000000084018518,0x000000008c500000)
 Metaspace       used 95940K, capacity 101424K, committed 101504K, reserved 1136640K
  class space    used 13139K, capacity 14158K, committed 14208K, reserved 1048576K
}

