# JRE version: OpenJDK Runtime Environment (11.0.12+7) (build 11.0.12+7-b1504.28-7817840)
# Java VM: OpenJDK 64-Bit Server VM (11.0.12+7-b1504.28-7817840, mixed mode, tiered, compressed oops, g1 gc, windows-amd64)
Heap:
 garbage-first heap   total 129024K, used 65593K [0x0000000080000000, 0x0000000100000000)
  region size 1024K, 9 young (9216K), 6 survivors (6144K)
 Metaspace       used 74396K, capacity 76135K, committed 76460K, reserved 1116160K
  class space    used 9724K, capacity 10386K, committed 10496K, reserved 1048576K
GC Heap History (20 events):
Event: 7.342 GC heap before
{Heap before GC invocations=5 (full 0):
 garbage-first heap   total 129024K, used 67468K [0x0000000080000000, 0x0000000100000000)
  region size 1024K, 52 young (53248K), 4 survivors (4096K)
 Metaspace       used 34885K, capacity 35654K, committed 35840K, reserved 1081344K
  class space    used 4533K, capacity 4839K, committed 4864K, reserved 1048576K
}
Event: 7.350 GC heap after
{Heap after GC invocations=6 (full 0):
 garbage-first heap   total 129024K, used 22286K [0x0000000080000000, 0x0000000100000000)
  region size 1024K, 7 young (7168K), 7 survivors (7168K)
 Metaspace       used 34885K, capacity 35654K, committed 35840K, reserved 1081344K
  class space    used 4533K, capacity 4839K, committed 4864K, reserved 1048576K
}
Event: 8.071 GC heap before
{Heap before GC invocations=7 (full 0):
 garbage-first heap   total 129024K, used 92942K [0x0000000080000000, 0x0000000100000000)
  region size 1024K, 74 young (75776K), 7 survivors (7168K)
 Metaspace       used 40410K, capacity 41353K, committed 41600K, reserved 1085440K
  class space    used 5163K, capacity 5476K, committed 5504K, reserved 1048576K
}
Event: 8.082 GC heap after
{Heap after GC invocations=8 (full 0):
 garbage-first heap   total 129024K, used 27823K [0x0000000080000000, 0x0000000100000000)
  region size 1024K, 9 young (9216K), 9 survivors (9216K)
 Metaspace       used 40410K, capacity 41353K, committed 41600K, reserved 1085440K
  class space    used 5163K, capacity 5476K, committed 5504K, reserved 1048576K
}
Event: 8.711 GC heap before
{Heap before GC invocations=8 (full 0):
 garbage-first heap   total 129024K, used 94383K [0x0000000080000000, 0x0000000100000000)
  region size 1024K, 74 young (75776K), 9 survivors (9216K)
 Metaspace       used 46107K, capacity 47190K, committed 47360K, reserved 1089536K
  class space    used 5943K, capacity 6326K, committed 6400K, reserved 1048576K
}
Event: 8.718 GC heap after
{Heap after GC invocations=9 (full 0):
 garbage-first heap   total 129024K, used 29999K [0x0000000080000000, 0x0000000100000000)
  region size 1024K, 3 young (3072K), 3 survivors (3072K)
 Metaspace       used 46107K, capacity 47190K, committed 47360K, reserved 1089536K
  class space    used 5943K, capacity 6326K, committed 6400K, reserved 1048576K
}
Event: 11.117 GC heap before
{Heap before GC invocations=9 (full 0):
 garbage-first heap   total 129024K, used 100655K [0x0000000080000000, 0x0000000100000000)
  region size 1024K, 69 young (70656K), 3 survivors (3072K)
 Metaspace       used 48869K, capacity 50168K, committed 50304K, reserved 1093632K
  class space    used 6271K, capacity 6738K, committed 6784K, reserved 1048576K
}
Event: 11.124 GC heap after
{Heap after GC invocations=10 (full 0):
 garbage-first heap   total 129024K, used 43633K [0x0000000080000000, 0x0000000100000000)
  region size 1024K, 9 young (9216K), 9 survivors (9216K)
 Metaspace       used 48869K, capacity 50168K, committed 50304K, reserved 1093632K
  class space    used 6271K, capacity 6738K, committed 6784K, reserved 1048576K
}
Event: 11.786 GC heap before
{Heap before GC invocations=10 (full 0):
 garbage-first heap   total 129024K, used 97905K [0x0000000080000000, 0x0000000100000000)
  region size 1024K, 62 young (63488K), 9 survivors (9216K)
 Metaspace       used 55902K, capacity 57441K, committed 57600K, reserved 1099776K
  class space    used 7135K, capacity 7678K, committed 7680K, reserved 1048576K
}
Event: 11.793 GC heap after
{Heap after GC invocations=11 (full 0):
 garbage-first heap   total 129024K, used 46602K [0x0000000080000000, 0x0000000100000000)
  region size 1024K, 3 young (3072K), 3 survivors (3072K)
 Metaspace       used 55902K, capacity 57441K, committed 57600K, reserved 1099776K
  class space    used 7135K, capacity 7678K, committed 7680K, reserved 1048576K
}
Event: 12.055 GC heap before
{Heap before GC invocations=11 (full 0):
 garbage-first heap   total 129024K, used 62986K [0x0000000080000000, 0x0000000100000000)
  region size 1024K, 20 young (20480K), 3 survivors (3072K)
 Metaspace       used 58408K, capacity 59845K, committed 59948K, reserved 1101824K
  class space    used 7462K, capacity 8007K, committed 8064K, reserved 1048576K
}
Event: 12.059 GC heap after
{Heap after GC invocations=12 (full 0):
 garbage-first heap   total 129024K, used 46889K [0x0000000080000000, 0x0000000100000000)
  region size 1024K, 3 young (3072K), 3 survivors (3072K)
 Metaspace       used 58408K, capacity 59845K, committed 59948K, reserved 1101824K
  class space    used 7462K, capacity 8007K, committed 8064K, reserved 1048576K
}
Event: 12.597 GC heap before
{Heap before GC invocations=13 (full 0):
 garbage-first heap   total 129024K, used 96041K [0x0000000080000000, 0x0000000100000000)
  region size 1024K, 52 young (53248K), 3 survivors (3072K)
 Metaspace       used 63350K, capacity 64868K, committed 65196K, reserved 1105920K
  class space    used 8045K, capacity 8588K, committed 8704K, reserved 1048576K
}
Event: 12.605 GC heap after
{Heap after GC invocations=14 (full 0):
 garbage-first heap   total 129024K, used 51200K [0x0000000080000000, 0x0000000100000000)
  region size 1024K, 7 young (7168K), 7 survivors (7168K)
 Metaspace       used 63350K, capacity 64868K, committed 65196K, reserved 1105920K
  class space    used 8045K, capacity 8588K, committed 8704K, reserved 1048576K
}
Event: 12.997 GC heap before
{Heap before GC invocations=15 (full 0):
 garbage-first heap   total 129024K, used 100352K [0x0000000080000000, 0x0000000100000000)
  region size 1024K, 54 young (55296K), 7 survivors (7168K)
 Metaspace       used 65454K, capacity 67065K, committed 67244K, reserved 1107968K
  class space    used 8359K, capacity 8945K, committed 8960K, reserved 1048576K
}
Event: 13.004 GC heap after
{Heap after GC invocations=16 (full 0):
 garbage-first heap   total 129024K, used 54725K [0x0000000080000000, 0x0000000100000000)
  region size 1024K, 4 young (4096K), 4 survivors (4096K)
 Metaspace       used 65454K, capacity 67065K, committed 67244K, reserved 1107968K
  class space    used 8359K, capacity 8945K, committed 8960K, reserved 1048576K
}
Event: 13.482 GC heap before
{Heap before GC invocations=16 (full 0):
 garbage-first heap   total 129024K, used 100805K [0x0000000080000000, 0x0000000100000000)
  region size 1024K, 49 young (50176K), 4 survivors (4096K)
 Metaspace       used 69470K, capacity 71078K, committed 71340K, reserved 1112064K
  class space    used 9040K, capacity 9665K, committed 9728K, reserved 1048576K
}
Event: 13.486 GC heap after
{Heap after GC invocations=17 (full 0):
 garbage-first heap   total 129024K, used 57495K [0x0000000080000000, 0x0000000100000000)
  region size 1024K, 7 young (7168K), 7 survivors (7168K)
 Metaspace       used 69470K, capacity 71078K, committed 71340K, reserved 1112064K
  class space    used 9040K, capacity 9665K, committed 9728K, reserved 1048576K
}
Event: 13.774 GC heap before
{Heap before GC invocations=17 (full 0):
 garbage-first heap   total 129024K, used 102551K [0x0000000080000000, 0x0000000100000000)
  region size 1024K, 51 young (52224K), 7 survivors (7168K)
 Metaspace       used 71327K, capacity 72994K, committed 73132K, reserved 1112064K
  class space    used 9299K, capacity 9911K, committed 9984K, reserved 1048576K
}
Event: 13.780 GC heap after
{Heap after GC invocations=18 (full 0):
 garbage-first heap   total 129024K, used 60756K [0x0000000080000000, 0x0000000100000000)
  region size 1024K, 7 young (7168K), 7 survivors (7168K)
 Metaspace       used 71327K, capacity 72994K, committed 73132K, reserved 1112064K
  class space    used 9299K, capacity 9911K, committed 9984K, reserved 1048576K
}

