# JRE version: OpenJDK Runtime Environment (8.0_332-b08) (build 1.8.0_332-b08)
# Java VM: OpenJDK 64-Bit Server VM (25.332-b08 mixed mode windows-amd64 compressed oops)
Heap:
 PSYoungGen      total 267776K, used 176208K [0x00000000d5580000, 0x00000000ede80000, 0x0000000100000000)
  eden space 246272K, 71% used [0x00000000d5580000,0x00000000e01943a0,0x00000000e4600000)
  from space 21504K, 0% used [0x00000000e4600000,0x00000000e4600000,0x00000000e5b00000)
  to   space 22016K, 0% used [0x00000000ec900000,0x00000000ec900000,0x00000000ede80000)
 ParOldGen       total 132608K, used 31963K [0x0000000080000000, 0x0000000088180000, 0x00000000d5580000)
  object space 132608K, 24% used [0x0000000080000000,0x0000000081f36d20,0x0000000088180000)
 Metaspace       used 66389K, capacity 69468K, committed 69720K, reserved 1110016K
  class space    used 9439K, capacity 10071K, committed 10072K, reserved 1048576K
GC Heap History (10 events):
Event: 4.043 GC heap before
{Heap before GC invocations=10 (full 2):
 PSYoungGen      total 219136K, used 8302K [0x00000000d5580000, 0x00000000e3e80000, 0x0000000100000000)
  eden space 205312K, 0% used [0x00000000d5580000,0x00000000d5580000,0x00000000e1e00000)
  from space 13824K, 60% used [0x00000000e2b00000,0x00000000e331b938,0x00000000e3880000)
  to   space 13312K, 0% used [0x00000000e1e00000,0x00000000e1e00000,0x00000000e2b00000)
 ParOldGen       total 65024K, used 15120K [0x0000000080000000, 0x0000000083f80000, 0x00000000d5580000)
  object space 65024K, 23% used [0x0000000080000000,0x0000000080ec4130,0x0000000083f80000)
 Metaspace       used 33833K, capacity 35374K, committed 35456K, reserved 1079296K
  class space    used 4819K, capacity 5177K, committed 5248K, reserved 1048576K
Event: 4.092 GC heap after
Heap after GC invocations=10 (full 2):
 PSYoungGen      total 219136K, used 0K [0x00000000d5580000, 0x00000000e3e80000, 0x0000000100000000)
  eden space 205312K, 0% used [0x00000000d5580000,0x00000000d5580000,0x00000000e1e00000)
  from space 13824K, 0% used [0x00000000e2b00000,0x00000000e2b00000,0x00000000e3880000)
  to   space 13312K, 0% used [0x00000000e1e00000,0x00000000e1e00000,0x00000000e2b00000)
 ParOldGen       total 94720K, used 15616K [0x0000000080000000, 0x0000000085c80000, 0x00000000d5580000)
  object space 94720K, 16% used [0x0000000080000000,0x0000000080f40398,0x0000000085c80000)
 Metaspace       used 33807K, capacity 35290K, committed 35456K, reserved 1079296K
  class space    used 4811K, capacity 5163K, committed 5248K, reserved 1048576K
}
Event: 5.693 GC heap before
{Heap before GC invocations=11 (full 2):
 PSYoungGen      total 219136K, used 205312K [0x00000000d5580000, 0x00000000e3e80000, 0x0000000100000000)
  eden space 205312K, 100% used [0x00000000d5580000,0x00000000e1e00000,0x00000000e1e00000)
  from space 13824K, 0% used [0x00000000e2b00000,0x00000000e2b00000,0x00000000e3880000)
  to   space 13312K, 0% used [0x00000000e1e00000,0x00000000e1e00000,0x00000000e2b00000)
 ParOldGen       total 94720K, used 15616K [0x0000000080000000, 0x0000000085c80000, 0x00000000d5580000)
  object space 94720K, 16% used [0x0000000080000000,0x0000000080f40398,0x0000000085c80000)
 Metaspace       used 42296K, capacity 44416K, committed 44672K, reserved 1087488K
  class space    used 6052K, capacity 6512K, committed 6528K, reserved 1048576K
Event: 5.705 GC heap after
Heap after GC invocations=11 (full 2):
 PSYoungGen      total 218624K, used 13295K [0x00000000d5580000, 0x00000000e6a80000, 0x0000000100000000)
  eden space 205312K, 0% used [0x00000000d5580000,0x00000000d5580000,0x00000000e1e00000)
  from space 13312K, 99% used [0x00000000e1e00000,0x00000000e2afbda0,0x00000000e2b00000)
  to   space 15872K, 0% used [0x00000000e5b00000,0x00000000e5b00000,0x00000000e6a80000)
 ParOldGen       total 94720K, used 17422K [0x0000000080000000, 0x0000000085c80000, 0x00000000d5580000)
  object space 94720K, 18% used [0x0000000080000000,0x0000000081103b10,0x0000000085c80000)
 Metaspace       used 42296K, capacity 44416K, committed 44672K, reserved 1087488K
  class space    used 6052K, capacity 6512K, committed 6528K, reserved 1048576K
}
Event: 7.485 GC heap before
{Heap before GC invocations=12 (full 2):
 PSYoungGen      total 218624K, used 218607K [0x00000000d5580000, 0x00000000e6a80000, 0x0000000100000000)
  eden space 205312K, 100% used [0x00000000d5580000,0x00000000e1e00000,0x00000000e1e00000)
  from space 13312K, 99% used [0x00000000e1e00000,0x00000000e2afbda0,0x00000000e2b00000)
  to   space 15872K, 0% used [0x00000000e5b00000,0x00000000e5b00000,0x00000000e6a80000)
 ParOldGen       total 94720K, used 17422K [0x0000000080000000, 0x0000000085c80000, 0x00000000d5580000)
  object space 94720K, 18% used [0x0000000080000000,0x0000000081103b10,0x0000000085c80000)
 Metaspace       used 56030K, capacity 58828K, committed 59096K, reserved 1099776K
  class space    used 7804K, capacity 8345K, committed 8408K, reserved 1048576K
Event: 7.502 GC heap after
Heap after GC invocations=12 (full 2):
 PSYoungGen      total 262144K, used 15844K [0x00000000d5580000, 0x00000000e7300000, 0x0000000100000000)
  eden space 246272K, 0% used [0x00000000d5580000,0x00000000d5580000,0x00000000e4600000)
  from space 15872K, 99% used [0x00000000e5b00000,0x00000000e6a79340,0x00000000e6a80000)
  to   space 21504K, 0% used [0x00000000e4600000,0x00000000e4600000,0x00000000e5b00000)
 ParOldGen       total 94720K, used 27733K [0x0000000080000000, 0x0000000085c80000, 0x00000000d5580000)
  object space 94720K, 29% used [0x0000000080000000,0x0000000081b156a8,0x0000000085c80000)
 Metaspace       used 56030K, capacity 58828K, committed 59096K, reserved 1099776K
  class space    used 7804K, capacity 8345K, committed 8408K, reserved 1048576K
}
Event: 7.539 GC heap before
{Heap before GC invocations=13 (full 2):
 PSYoungGen      total 262144K, used 25313K [0x00000000d5580000, 0x00000000e7300000, 0x0000000100000000)
  eden space 246272K, 3% used [0x00000000d5580000,0x00000000d5ebf160,0x00000000e4600000)
  from space 15872K, 99% used [0x00000000e5b00000,0x00000000e6a79340,0x00000000e6a80000)
  to   space 21504K, 0% used [0x00000000e4600000,0x00000000e4600000,0x00000000e5b00000)
 ParOldGen       total 94720K, used 27733K [0x0000000080000000, 0x0000000085c80000, 0x00000000d5580000)
  object space 94720K, 29% used [0x0000000080000000,0x0000000081b156a8,0x0000000085c80000)
 Metaspace       used 56212K, capacity 58956K, committed 59096K, reserved 1099776K
  class space    used 7826K, capacity 8345K, committed 8408K, reserved 1048576K
Event: 7.551 GC heap after
Heap after GC invocations=13 (full 2):
 PSYoungGen      total 267776K, used 565K [0x00000000d5580000, 0x00000000ede80000, 0x0000000100000000)
  eden space 246272K, 0% used [0x00000000d5580000,0x00000000d5580000,0x00000000e4600000)
  from space 21504K, 2% used [0x00000000e4600000,0x00000000e468d400,0x00000000e5b00000)
  to   space 22016K, 0% used [0x00000000ec900000,0x00000000ec900000,0x00000000ede80000)
 ParOldGen       total 94720K, used 43514K [0x0000000080000000, 0x0000000085c80000, 0x00000000d5580000)
  object space 94720K, 45% used [0x0000000080000000,0x0000000082a7ea00,0x0000000085c80000)
 Metaspace       used 56212K, capacity 58956K, committed 59096K, reserved 1099776K
  class space    used 7826K, capacity 8345K, committed 8408K, reserved 1048576K
}
Event: 7.551 GC heap before
{Heap before GC invocations=14 (full 3):
 PSYoungGen      total 267776K, used 565K [0x00000000d5580000, 0x00000000ede80000, 0x0000000100000000)
  eden space 246272K, 0% used [0x00000000d5580000,0x00000000d5580000,0x00000000e4600000)
  from space 21504K, 2% used [0x00000000e4600000,0x00000000e468d400,0x00000000e5b00000)
  to   space 22016K, 0% used [0x00000000ec900000,0x00000000ec900000,0x00000000ede80000)
 ParOldGen       total 94720K, used 43514K [0x0000000080000000, 0x0000000085c80000, 0x00000000d5580000)
  object space 94720K, 45% used [0x0000000080000000,0x0000000082a7ea00,0x0000000085c80000)
 Metaspace       used 56212K, capacity 58956K, committed 59096K, reserved 1099776K
  class space    used 7826K, capacity 8345K, committed 8408K, reserved 1048576K
Event: 7.726 GC heap after
Heap after GC invocations=14 (full 3):
 PSYoungGen      total 267776K, used 0K [0x00000000d5580000, 0x00000000ede80000, 0x0000000100000000)
  eden space 246272K, 0% used [0x00000000d5580000,0x00000000d5580000,0x00000000e4600000)
  from space 21504K, 0% used [0x00000000e4600000,0x00000000e4600000,0x00000000e5b00000)
  to   space 22016K, 0% used [0x00000000ec900000,0x00000000ec900000,0x00000000ede80000)
 ParOldGen       total 132608K, used 31963K [0x0000000080000000, 0x0000000088180000, 0x00000000d5580000)
  object space 132608K, 24% used [0x0000000080000000,0x0000000081f36d20,0x0000000088180000)
 Metaspace       used 56131K, capacity 58686K, committed 59096K, reserved 1099776K
  class space    used 7800K, capacity 8300K, committed 8408K, reserved 1048576K
}

