# JRE version: OpenJDK Runtime Environment (11.0.12+7) (build 11.0.12+7-b1504.28-7817840)
# Java VM: OpenJDK 64-Bit Server VM (11.0.12+7-b1504.28-7817840, mixed mode, tiered, compressed oops, g1 gc, windows-amd64)
Heap:
 garbage-first heap   total 129024K, used 58367K [0x0000000080000000, 0x0000000100000000)
  region size 1024K, 43 young (44032K), 2 survivors (2048K)
 Metaspace       used 25084K, capacity 25619K, committed 25728K, reserved 1071104K
  class space    used 3220K, capacity 3422K, committed 3456K, reserved 1048576K
GC Heap History (6 events):
Event: 1.930 GC heap before
{Heap before GC invocations=0 (full 0):
 garbage-first heap   total 129024K, used 30720K [0x0000000080000000, 0x0000000100000000)
  region size 1024K, 24 young (24576K), 0 survivors (0K)
 Metaspace       used 10259K, capacity 10495K, committed 10624K, reserved 1058816K
  class space    used 1071K, capacity 1141K, committed 1152K, reserved 1048576K
}
Event: 1.948 GC heap after
{Heap after GC invocations=1 (full 0):
 garbage-first heap   total 129024K, used 9149K [0x0000000080000000, 0x0000000100000000)
  region size 1024K, 3 young (3072K), 3 survivors (3072K)
 Metaspace       used 10259K, capacity 10495K, committed 10624K, reserved 1058816K
  class space    used 1071K, capacity 1141K, committed 1152K, reserved 1048576K
}
Event: 6.055 GC heap before
{Heap before GC invocations=1 (full 0):
 garbage-first heap   total 129024K, used 83901K [0x0000000080000000, 0x0000000100000000)
  region size 1024K, 75 young (76800K), 3 survivors (3072K)
 Metaspace       used 17687K, capacity 18041K, committed 18176K, reserved 1064960K
  class space    used 2092K, capacity 2211K, committed 2304K, reserved 1048576K
}
Event: 6.069 GC heap after
{Heap after GC invocations=2 (full 0):
 garbage-first heap   total 129024K, used 16007K [0x0000000080000000, 0x0000000100000000)
  region size 1024K, 10 young (10240K), 10 survivors (10240K)
 Metaspace       used 17687K, capacity 18041K, committed 18176K, reserved 1064960K
  class space    used 2092K, capacity 2211K, committed 2304K, reserved 1048576K
}
Event: 6.832 GC heap before
{Heap before GC invocations=2 (full 0):
 garbage-first heap   total 129024K, used 41607K [0x0000000080000000, 0x0000000100000000)
  region size 1024K, 37 young (37888K), 10 survivors (10240K)
 Metaspace       used 20770K, capacity 21141K, committed 21248K, reserved 1067008K
  class space    used 2551K, capacity 2712K, committed 2816K, reserved 1048576K
}
Event: 6.844 GC heap after
{Heap after GC invocations=3 (full 0):
 garbage-first heap   total 129024K, used 17407K [0x0000000080000000, 0x0000000100000000)
  region size 1024K, 2 young (2048K), 2 survivors (2048K)
 Metaspace       used 20770K, capacity 21141K, committed 21248K, reserved 1067008K
  class space    used 2551K, capacity 2712K, committed 2816K, reserved 1048576K
}

