# JRE version: OpenJDK Runtime Environment (8.0_332-b08) (build 1.8.0_332-b08)
# Java VM: OpenJDK 64-Bit Server VM (25.332-b08 mixed mode windows-amd64 compressed oops)
Heap:
 PSYoungGen      total 281088K, used 227026K [0x00000000d5580000, 0x00000000ee000000, 0x0000000100000000)
  eden space 259584K, 87% used [0x00000000d5580000,0x00000000e3334ab8,0x00000000e5300000)
  from space 21504K, 0% used [0x00000000e5300000,0x00000000e5300000,0x00000000e6800000)
  to   space 22016K, 0% used [0x00000000eca80000,0x00000000eca80000,0x00000000ee000000)
 ParOldGen       total 129536K, used 29802K [0x0000000080000000, 0x0000000087e80000, 0x00000000d5580000)
  object space 129536K, 23% used [0x0000000080000000,0x0000000081d1aaa8,0x0000000087e80000)
 Metaspace       used 70494K, capacity 73884K, committed 73984K, reserved 1112064K
  class space    used 10029K, capacity 10684K, committed 10752K, reserved 1048576K
GC Heap History (10 events):
Event: 4.207 GC heap before
{Heap before GC invocations=10 (full 2):
 PSYoungGen      total 224768K, used 8344K [0x00000000d5580000, 0x00000000e4180000, 0x0000000100000000)
  eden space 210944K, 0% used [0x00000000d5580000,0x00000000d5580000,0x00000000e2380000)
  from space 13824K, 60% used [0x00000000e3080000,0x00000000e38a6070,0x00000000e3e00000)
  to   space 13312K, 0% used [0x00000000e2380000,0x00000000e2380000,0x00000000e3080000)
 ParOldGen       total 63488K, used 15000K [0x0000000080000000, 0x0000000083e00000, 0x00000000d5580000)
  object space 63488K, 23% used [0x0000000080000000,0x0000000080ea6020,0x0000000083e00000)
 Metaspace       used 33813K, capacity 35368K, committed 35456K, reserved 1079296K
  class space    used 4815K, capacity 5176K, committed 5248K, reserved 1048576K
Event: 4.249 GC heap after
Heap after GC invocations=10 (full 2):
 PSYoungGen      total 224768K, used 0K [0x00000000d5580000, 0x00000000e4180000, 0x0000000100000000)
  eden space 210944K, 0% used [0x00000000d5580000,0x00000000d5580000,0x00000000e2380000)
  from space 13824K, 0% used [0x00000000e3080000,0x00000000e3080000,0x00000000e3e00000)
  to   space 13312K, 0% used [0x00000000e2380000,0x00000000e2380000,0x00000000e3080000)
 ParOldGen       total 89600K, used 15637K [0x0000000080000000, 0x0000000085780000, 0x00000000d5580000)
  object space 89600K, 17% used [0x0000000080000000,0x0000000080f45700,0x0000000085780000)
 Metaspace       used 33789K, capacity 35290K, committed 35456K, reserved 1079296K
  class space    used 4808K, capacity 5163K, committed 5248K, reserved 1048576K
}
Event: 6.034 GC heap before
{Heap before GC invocations=11 (full 2):
 PSYoungGen      total 224768K, used 210944K [0x00000000d5580000, 0x00000000e4180000, 0x0000000100000000)
  eden space 210944K, 100% used [0x00000000d5580000,0x00000000e2380000,0x00000000e2380000)
  from space 13824K, 0% used [0x00000000e3080000,0x00000000e3080000,0x00000000e3e00000)
  to   space 13312K, 0% used [0x00000000e2380000,0x00000000e2380000,0x00000000e3080000)
 ParOldGen       total 89600K, used 15637K [0x0000000080000000, 0x0000000085780000, 0x00000000d5580000)
  object space 89600K, 17% used [0x0000000080000000,0x0000000080f45700,0x0000000085780000)
 Metaspace       used 42259K, capacity 44416K, committed 44672K, reserved 1087488K
  class space    used 6046K, capacity 6512K, committed 6528K, reserved 1048576K
Event: 6.046 GC heap after
Heap after GC invocations=11 (full 2):
 PSYoungGen      total 224256K, used 13300K [0x00000000d5580000, 0x00000000e7780000, 0x0000000100000000)
  eden space 210944K, 0% used [0x00000000d5580000,0x00000000d5580000,0x00000000e2380000)
  from space 13312K, 99% used [0x00000000e2380000,0x00000000e307d220,0x00000000e3080000)
  to   space 15872K, 0% used [0x00000000e6800000,0x00000000e6800000,0x00000000e7780000)
 ParOldGen       total 89600K, used 17194K [0x0000000080000000, 0x0000000085780000, 0x00000000d5580000)
  object space 89600K, 19% used [0x0000000080000000,0x00000000810caa78,0x0000000085780000)
 Metaspace       used 42259K, capacity 44416K, committed 44672K, reserved 1087488K
  class space    used 6046K, capacity 6512K, committed 6528K, reserved 1048576K
}
Event: 7.665 GC heap before
{Heap before GC invocations=12 (full 2):
 PSYoungGen      total 224256K, used 224244K [0x00000000d5580000, 0x00000000e7780000, 0x0000000100000000)
  eden space 210944K, 100% used [0x00000000d5580000,0x00000000e2380000,0x00000000e2380000)
  from space 13312K, 99% used [0x00000000e2380000,0x00000000e307d220,0x00000000e3080000)
  to   space 15872K, 0% used [0x00000000e6800000,0x00000000e6800000,0x00000000e7780000)
 ParOldGen       total 89600K, used 17194K [0x0000000080000000, 0x0000000085780000, 0x00000000d5580000)
  object space 89600K, 19% used [0x0000000080000000,0x00000000810caa78,0x0000000085780000)
 Metaspace       used 55576K, capacity 58506K, committed 58624K, reserved 1099776K
  class space    used 7821K, capacity 8371K, committed 8448K, reserved 1048576K
Event: 7.682 GC heap after
Heap after GC invocations=12 (full 2):
 PSYoungGen      total 275456K, used 15861K [0x00000000d5580000, 0x00000000e8080000, 0x0000000100000000)
  eden space 259584K, 0% used [0x00000000d5580000,0x00000000d5580000,0x00000000e5300000)
  from space 15872K, 99% used [0x00000000e6800000,0x00000000e777d490,0x00000000e7780000)
  to   space 21504K, 0% used [0x00000000e5300000,0x00000000e5300000,0x00000000e6800000)
 ParOldGen       total 89600K, used 27025K [0x0000000080000000, 0x0000000085780000, 0x00000000d5580000)
  object space 89600K, 30% used [0x0000000080000000,0x0000000081a64440,0x0000000085780000)
 Metaspace       used 55576K, capacity 58506K, committed 58624K, reserved 1099776K
  class space    used 7821K, capacity 8371K, committed 8448K, reserved 1048576K
}
Event: 7.784 GC heap before
{Heap before GC invocations=13 (full 2):
 PSYoungGen      total 275456K, used 29809K [0x00000000d5580000, 0x00000000e8080000, 0x0000000100000000)
  eden space 259584K, 5% used [0x00000000d5580000,0x00000000d631f350,0x00000000e5300000)
  from space 15872K, 99% used [0x00000000e6800000,0x00000000e777d490,0x00000000e7780000)
  to   space 21504K, 0% used [0x00000000e5300000,0x00000000e5300000,0x00000000e6800000)
 ParOldGen       total 89600K, used 27025K [0x0000000080000000, 0x0000000085780000, 0x00000000d5580000)
  object space 89600K, 30% used [0x0000000080000000,0x0000000081a64440,0x0000000085780000)
 Metaspace       used 56115K, capacity 58988K, committed 59096K, reserved 1099776K
  class space    used 7917K, capacity 8484K, committed 8576K, reserved 1048576K
Event: 7.796 GC heap after
Heap after GC invocations=13 (full 2):
 PSYoungGen      total 281088K, used 579K [0x00000000d5580000, 0x00000000ee000000, 0x0000000100000000)
  eden space 259584K, 0% used [0x00000000d5580000,0x00000000d5580000,0x00000000e5300000)
  from space 21504K, 2% used [0x00000000e5300000,0x00000000e5390c48,0x00000000e6800000)
  to   space 22016K, 0% used [0x00000000eca80000,0x00000000eca80000,0x00000000ee000000)
 ParOldGen       total 89600K, used 42406K [0x0000000080000000, 0x0000000085780000, 0x00000000d5580000)
  object space 89600K, 47% used [0x0000000080000000,0x0000000082969a80,0x0000000085780000)
 Metaspace       used 56115K, capacity 58988K, committed 59096K, reserved 1099776K
  class space    used 7917K, capacity 8484K, committed 8576K, reserved 1048576K
}
Event: 7.796 GC heap before
{Heap before GC invocations=14 (full 3):
 PSYoungGen      total 281088K, used 579K [0x00000000d5580000, 0x00000000ee000000, 0x0000000100000000)
  eden space 259584K, 0% used [0x00000000d5580000,0x00000000d5580000,0x00000000e5300000)
  from space 21504K, 2% used [0x00000000e5300000,0x00000000e5390c48,0x00000000e6800000)
  to   space 22016K, 0% used [0x00000000eca80000,0x00000000eca80000,0x00000000ee000000)
 ParOldGen       total 89600K, used 42406K [0x0000000080000000, 0x0000000085780000, 0x00000000d5580000)
  object space 89600K, 47% used [0x0000000080000000,0x0000000082969a80,0x0000000085780000)
 Metaspace       used 56115K, capacity 58988K, committed 59096K, reserved 1099776K
  class space    used 7917K, capacity 8484K, committed 8576K, reserved 1048576K
Event: 7.969 GC heap after
Heap after GC invocations=14 (full 3):
 PSYoungGen      total 281088K, used 0K [0x00000000d5580000, 0x00000000ee000000, 0x0000000100000000)
  eden space 259584K, 0% used [0x00000000d5580000,0x00000000d5580000,0x00000000e5300000)
  from space 21504K, 0% used [0x00000000e5300000,0x00000000e5300000,0x00000000e6800000)
  to   space 22016K, 0% used [0x00000000eca80000,0x00000000eca80000,0x00000000ee000000)
 ParOldGen       total 129536K, used 29802K [0x0000000080000000, 0x0000000087e80000, 0x00000000d5580000)
  object space 129536K, 23% used [0x0000000080000000,0x0000000081d1aaa8,0x0000000087e80000)
 Metaspace       used 56022K, capacity 58688K, committed 59096K, reserved 1099776K
  class space    used 7887K, capacity 8432K, committed 8576K, reserved 1048576K
}

