# JRE version: OpenJDK Runtime Environment (8.0_332-b08) (build 1.8.0_332-b08)
# Java VM: OpenJDK 64-Bit Server VM (25.332-b08 mixed mode windows-amd64 compressed oops)
Heap:
 PSYoungGen      total 70656K, used 1373K [0x00000000d5580000, 0x00000000d9f80000, 0x0000000100000000)
  eden space 65536K, 2% used [0x00000000d5580000,0x00000000d56d74b8,0x00000000d9580000)
  from space 5120K, 0% used [0x00000000d9580000,0x00000000d9580000,0x00000000d9a80000)
  to   space 5120K, 0% used [0x00000000d9a80000,0x00000000d9a80000,0x00000000d9f80000)
 ParOldGen       total 60928K, used 15360K [0x0000000080000000, 0x0000000083b80000, 0x00000000d5580000)
  object space 60928K, 25% used [0x0000000080000000,0x0000000080f003d8,0x0000000083b80000)
 Metaspace       used 33901K, capacity 35372K, committed 35712K, reserved 1079296K
  class space    used 4849K, capacity 5168K, committed 5248K, reserved 1048576K
GC Heap History (10 events):
Event: 2.986 GC heap before
{Heap before GC invocations=7 (full 1):
 PSYoungGen      total 70656K, used 5108K [0x00000000d5580000, 0x00000000d9f80000, 0x0000000100000000)
  eden space 65536K, 0% used [0x00000000d5580000,0x00000000d5580000,0x00000000d9580000)
  from space 5120K, 99% used [0x00000000d9a80000,0x00000000d9f7d040,0x00000000d9f80000)
  to   space 5120K, 0% used [0x00000000d9580000,0x00000000d9580000,0x00000000d9a80000)
 ParOldGen       total 86016K, used 11748K [0x0000000080000000, 0x0000000085400000, 0x00000000d5580000)
  object space 86016K, 13% used [0x0000000080000000,0x0000000080b79080,0x0000000085400000)
 Metaspace       used 20561K, capacity 21284K, committed 21296K, reserved 1067008K
  class space    used 2975K, capacity 3196K, committed 3200K, reserved 1048576K
Event: 3.013 GC heap after
Heap after GC invocations=7 (full 1):
 PSYoungGen      total 70656K, used 0K [0x00000000d5580000, 0x00000000d9f80000, 0x0000000100000000)
  eden space 65536K, 0% used [0x00000000d5580000,0x00000000d5580000,0x00000000d9580000)
  from space 5120K, 0% used [0x00000000d9a80000,0x00000000d9a80000,0x00000000d9f80000)
  to   space 5120K, 0% used [0x00000000d9580000,0x00000000d9580000,0x00000000d9a80000)
 ParOldGen       total 60928K, used 9643K [0x0000000080000000, 0x0000000083b80000, 0x00000000d5580000)
  object space 60928K, 15% used [0x0000000080000000,0x000000008096aeb0,0x0000000083b80000)
 Metaspace       used 20561K, capacity 21284K, committed 21296K, reserved 1067008K
  class space    used 2975K, capacity 3196K, committed 3200K, reserved 1048576K
}
Event: 3.893 GC heap before
{Heap before GC invocations=8 (full 1):
 PSYoungGen      total 70656K, used 65536K [0x00000000d5580000, 0x00000000d9f80000, 0x0000000100000000)
  eden space 65536K, 100% used [0x00000000d5580000,0x00000000d9580000,0x00000000d9580000)
  from space 5120K, 0% used [0x00000000d9a80000,0x00000000d9a80000,0x00000000d9f80000)
  to   space 5120K, 0% used [0x00000000d9580000,0x00000000d9580000,0x00000000d9a80000)
 ParOldGen       total 60928K, used 9643K [0x0000000080000000, 0x0000000083b80000, 0x00000000d5580000)
  object space 60928K, 15% used [0x0000000080000000,0x000000008096aeb0,0x0000000083b80000)
 Metaspace       used 24240K, capacity 25492K, committed 25728K, reserved 1071104K
  class space    used 3611K, capacity 3932K, committed 3968K, reserved 1048576K
Event: 3.897 GC heap after
Heap after GC invocations=8 (full 1):
 PSYoungGen      total 70656K, used 5110K [0x00000000d5580000, 0x00000000d9f80000, 0x0000000100000000)
  eden space 65536K, 0% used [0x00000000d5580000,0x00000000d5580000,0x00000000d9580000)
  from space 5120K, 99% used [0x00000000d9580000,0x00000000d9a7d960,0x00000000d9a80000)
  to   space 5120K, 0% used [0x00000000d9a80000,0x00000000d9a80000,0x00000000d9f80000)
 ParOldGen       total 60928K, used 9808K [0x0000000080000000, 0x0000000083b80000, 0x00000000d5580000)
  object space 60928K, 16% used [0x0000000080000000,0x0000000080994250,0x0000000083b80000)
 Metaspace       used 24240K, capacity 25492K, committed 25728K, reserved 1071104K
  class space    used 3611K, capacity 3932K, committed 3968K, reserved 1048576K
}
Event: 4.633 GC heap before
{Heap before GC invocations=9 (full 1):
 PSYoungGen      total 70656K, used 70646K [0x00000000d5580000, 0x00000000d9f80000, 0x0000000100000000)
  eden space 65536K, 100% used [0x00000000d5580000,0x00000000d9580000,0x00000000d9580000)
  from space 5120K, 99% used [0x00000000d9580000,0x00000000d9a7d960,0x00000000d9a80000)
  to   space 5120K, 0% used [0x00000000d9a80000,0x00000000d9a80000,0x00000000d9f80000)
 ParOldGen       total 60928K, used 9808K [0x0000000080000000, 0x0000000083b80000, 0x00000000d5580000)
  object space 60928K, 16% used [0x0000000080000000,0x0000000080994250,0x0000000083b80000)
 Metaspace       used 31826K, capacity 33276K, committed 33408K, reserved 1077248K
  class space    used 4650K, capacity 4957K, committed 4992K, reserved 1048576K
Event: 4.640 GC heap after
Heap after GC invocations=9 (full 1):
 PSYoungGen      total 70656K, used 5120K [0x00000000d5580000, 0x00000000d9f80000, 0x0000000100000000)
  eden space 65536K, 0% used [0x00000000d5580000,0x00000000d5580000,0x00000000d9580000)
  from space 5120K, 100% used [0x00000000d9a80000,0x00000000d9f80000,0x00000000d9f80000)
  to   space 5120K, 0% used [0x00000000d9580000,0x00000000d9580000,0x00000000d9a80000)
 ParOldGen       total 60928K, used 14695K [0x0000000080000000, 0x0000000083b80000, 0x00000000d5580000)
  object space 60928K, 24% used [0x0000000080000000,0x0000000080e59db8,0x0000000083b80000)
 Metaspace       used 31826K, capacity 33276K, committed 33408K, reserved 1077248K
  class space    used 4650K, capacity 4957K, committed 4992K, reserved 1048576K
}
Event: 4.959 GC heap before
{Heap before GC invocations=10 (full 1):
 PSYoungGen      total 70656K, used 33232K [0x00000000d5580000, 0x00000000d9f80000, 0x0000000100000000)
  eden space 65536K, 42% used [0x00000000d5580000,0x00000000d70f4268,0x00000000d9580000)
  from space 5120K, 100% used [0x00000000d9a80000,0x00000000d9f80000,0x00000000d9f80000)
  to   space 5120K, 0% used [0x00000000d9580000,0x00000000d9580000,0x00000000d9a80000)
 ParOldGen       total 60928K, used 14695K [0x0000000080000000, 0x0000000083b80000, 0x00000000d5580000)
  object space 60928K, 24% used [0x0000000080000000,0x0000000080e59db8,0x0000000083b80000)
 Metaspace       used 33898K, capacity 35382K, committed 35456K, reserved 1079296K
  class space    used 4846K, capacity 5179K, committed 5248K, reserved 1048576K
Event: 4.968 GC heap after
Heap after GC invocations=10 (full 1):
 PSYoungGen      total 70656K, used 5120K [0x00000000d5580000, 0x00000000d9f80000, 0x0000000100000000)
  eden space 65536K, 0% used [0x00000000d5580000,0x00000000d5580000,0x00000000d9580000)
  from space 5120K, 100% used [0x00000000d9580000,0x00000000d9a80000,0x00000000d9a80000)
  to   space 5120K, 0% used [0x00000000d9a80000,0x00000000d9a80000,0x00000000d9f80000)
 ParOldGen       total 60928K, used 17008K [0x0000000080000000, 0x0000000083b80000, 0x00000000d5580000)
  object space 60928K, 27% used [0x0000000080000000,0x000000008109c1e8,0x0000000083b80000)
 Metaspace       used 33898K, capacity 35382K, committed 35456K, reserved 1079296K
  class space    used 4846K, capacity 5179K, committed 5248K, reserved 1048576K
}
Event: 4.968 GC heap before
{Heap before GC invocations=11 (full 2):
 PSYoungGen      total 70656K, used 5120K [0x00000000d5580000, 0x00000000d9f80000, 0x0000000100000000)
  eden space 65536K, 0% used [0x00000000d5580000,0x00000000d5580000,0x00000000d9580000)
  from space 5120K, 100% used [0x00000000d9580000,0x00000000d9a80000,0x00000000d9a80000)
  to   space 5120K, 0% used [0x00000000d9a80000,0x00000000d9a80000,0x00000000d9f80000)
 ParOldGen       total 60928K, used 17008K [0x0000000080000000, 0x0000000083b80000, 0x00000000d5580000)
  object space 60928K, 27% used [0x0000000080000000,0x000000008109c1e8,0x0000000083b80000)
 Metaspace       used 33898K, capacity 35382K, committed 35456K, reserved 1079296K
  class space    used 4846K, capacity 5179K, committed 5248K, reserved 1048576K
Event: 5.025 GC heap after
Heap after GC invocations=11 (full 2):
 PSYoungGen      total 70656K, used 0K [0x00000000d5580000, 0x00000000d9f80000, 0x0000000100000000)
  eden space 65536K, 0% used [0x00000000d5580000,0x00000000d5580000,0x00000000d9580000)
  from space 5120K, 0% used [0x00000000d9580000,0x00000000d9580000,0x00000000d9a80000)
  to   space 5120K, 0% used [0x00000000d9a80000,0x00000000d9a80000,0x00000000d9f80000)
 ParOldGen       total 60928K, used 15360K [0x0000000080000000, 0x0000000083b80000, 0x00000000d5580000)
  object space 60928K, 25% used [0x0000000080000000,0x0000000080f003d8,0x0000000083b80000)
 Metaspace       used 33875K, capacity 35304K, committed 35456K, reserved 1079296K
  class space    used 4839K, capacity 5166K, committed 5248K, reserved 1048576K
}

