# JRE version: OpenJDK Runtime Environment (8.0_332-b08) (build 1.8.0_332-b08)
# Java VM: OpenJDK 64-Bit Server VM (25.332-b08 mixed mode windows-amd64 compressed oops)
Heap:
 PSYoungGen      total 355328K, used 221956K [0x00000000d5580000, 0x00000000ed380000, 0x0000000100000000)
  eden space 328192K, 67% used [0x00000000d5580000,0x00000000e2e41290,0x00000000e9600000)
  from space 27136K, 0% used [0x00000000eb380000,0x00000000eb380000,0x00000000ece00000)
  to   space 30208K, 0% used [0x00000000e9600000,0x00000000e9600000,0x00000000eb380000)
 ParOldGen       total 136192K, used 62539K [0x0000000080000000, 0x0000000088500000, 0x00000000d5580000)
  object space 136192K, 45% used [0x0000000080000000,0x0000000083d12fa0,0x0000000088500000)
 Metaspace       used 93719K, capacity 99670K, committed 99904K, reserved 1134592K
  class space    used 12856K, capacity 13975K, committed 14080K, reserved 1048576K
GC Heap History (10 events):
Event: 11.126 GC heap before
{Heap before GC invocations=14 (full 3):
 PSYoungGen      total 292352K, used 275968K [0x00000000d5580000, 0x00000000e9100000, 0x0000000100000000)
  eden space 275968K, 100% used [0x00000000d5580000,0x00000000e6300000,0x00000000e6300000)
  from space 16384K, 0% used [0x00000000e7880000,0x00000000e7880000,0x00000000e8880000)
  to   space 22016K, 0% used [0x00000000e6300000,0x00000000e6300000,0x00000000e7880000)
 ParOldGen       total 136192K, used 39373K [0x0000000080000000, 0x0000000088500000, 0x00000000d5580000)
  object space 136192K, 28% used [0x0000000080000000,0x0000000082673468,0x0000000088500000)
 Metaspace       used 72733K, capacity 76450K, committed 76672K, reserved 1114112K
  class space    used 10332K, capacity 11013K, committed 11136K, reserved 1048576K
Event: 11.149 GC heap after
Heap after GC invocations=14 (full 3):
 PSYoungGen      total 297984K, used 22012K [0x00000000d5580000, 0x00000000ece00000, 0x0000000100000000)
  eden space 275968K, 0% used [0x00000000d5580000,0x00000000d5580000,0x00000000e6300000)
  from space 22016K, 99% used [0x00000000e6300000,0x00000000e787f088,0x00000000e7880000)
  to   space 27136K, 0% used [0x00000000eb380000,0x00000000eb380000,0x00000000ece00000)
 ParOldGen       total 136192K, used 45382K [0x0000000080000000, 0x0000000088500000, 0x00000000d5580000)
  object space 136192K, 33% used [0x0000000080000000,0x0000000082c51820,0x0000000088500000)
 Metaspace       used 72733K, capacity 76450K, committed 76672K, reserved 1114112K
  class space    used 10332K, capacity 11013K, committed 11136K, reserved 1048576K
}
Event: 13.867 GC heap before
{Heap before GC invocations=15 (full 3):
 PSYoungGen      total 297984K, used 297980K [0x00000000d5580000, 0x00000000ece00000, 0x0000000100000000)
  eden space 275968K, 100% used [0x00000000d5580000,0x00000000e6300000,0x00000000e6300000)
  from space 22016K, 99% used [0x00000000e6300000,0x00000000e787f088,0x00000000e7880000)
  to   space 27136K, 0% used [0x00000000eb380000,0x00000000eb380000,0x00000000ece00000)
 ParOldGen       total 136192K, used 45382K [0x0000000080000000, 0x0000000088500000, 0x00000000d5580000)
  object space 136192K, 33% used [0x0000000080000000,0x0000000082c51820,0x0000000088500000)
 Metaspace       used 86668K, capacity 91226K, committed 91520K, reserved 1128448K
  class space    used 12047K, capacity 12867K, committed 12928K, reserved 1048576K
Event: 13.899 GC heap after
Heap after GC invocations=15 (full 3):
 PSYoungGen      total 355328K, used 23889K [0x00000000d5580000, 0x00000000ed380000, 0x0000000100000000)
  eden space 328192K, 0% used [0x00000000d5580000,0x00000000d5580000,0x00000000e9600000)
  from space 27136K, 88% used [0x00000000eb380000,0x00000000ecad47b8,0x00000000ece00000)
  to   space 30208K, 0% used [0x00000000e9600000,0x00000000e9600000,0x00000000eb380000)
 ParOldGen       total 136192K, used 61324K [0x0000000080000000, 0x0000000088500000, 0x00000000d5580000)
  object space 136192K, 45% used [0x0000000080000000,0x0000000083be3350,0x0000000088500000)
 Metaspace       used 86668K, capacity 91226K, committed 91520K, reserved 1128448K
  class space    used 12047K, capacity 12867K, committed 12928K, reserved 1048576K
}
Event: 357.777 GC heap before
{Heap before GC invocations=16 (full 3):
 PSYoungGen      total 355328K, used 352081K [0x00000000d5580000, 0x00000000ed380000, 0x0000000100000000)
  eden space 328192K, 100% used [0x00000000d5580000,0x00000000e9600000,0x00000000e9600000)
  from space 27136K, 88% used [0x00000000eb380000,0x00000000ecad47b8,0x00000000ece00000)
  to   space 30208K, 0% used [0x00000000e9600000,0x00000000e9600000,0x00000000eb380000)
 ParOldGen       total 136192K, used 61324K [0x0000000080000000, 0x0000000088500000, 0x00000000d5580000)
  object space 136192K, 45% used [0x0000000080000000,0x0000000083be3350,0x0000000088500000)
 Metaspace       used 91241K, capacity 97284K, committed 97536K, reserved 1132544K
  class space    used 12601K, capacity 13797K, committed 13824K, reserved 1048576K
Event: 357.819 GC heap after
Heap after GC invocations=16 (full 3):
 PSYoungGen      total 358400K, used 30184K [0x00000000d5580000, 0x00000000ed380000, 0x0000000100000000)
  eden space 328192K, 0% used [0x00000000d5580000,0x00000000d5580000,0x00000000e9600000)
  from space 30208K, 99% used [0x00000000e9600000,0x00000000eb37a348,0x00000000eb380000)
  to   space 27136K, 0% used [0x00000000eb380000,0x00000000eb380000,0x00000000ece00000)
 ParOldGen       total 136192K, used 62054K [0x0000000080000000, 0x0000000088500000, 0x00000000d5580000)
  object space 136192K, 45% used [0x0000000080000000,0x0000000083c99a30,0x0000000088500000)
 Metaspace       used 91241K, capacity 97284K, committed 97536K, reserved 1132544K
  class space    used 12601K, capacity 13797K, committed 13824K, reserved 1048576K
}
Event: 358.059 GC heap before
{Heap before GC invocations=17 (full 3):
 PSYoungGen      total 358400K, used 60384K [0x00000000d5580000, 0x00000000ed380000, 0x0000000100000000)
  eden space 328192K, 9% used [0x00000000d5580000,0x00000000d72fdf58,0x00000000e9600000)
  from space 30208K, 99% used [0x00000000e9600000,0x00000000eb37a348,0x00000000eb380000)
  to   space 27136K, 0% used [0x00000000eb380000,0x00000000eb380000,0x00000000ece00000)
 ParOldGen       total 136192K, used 62054K [0x0000000080000000, 0x0000000088500000, 0x00000000d5580000)
  object space 136192K, 45% used [0x0000000080000000,0x0000000083c99a30,0x0000000088500000)
 Metaspace       used 92382K, capacity 98426K, committed 98496K, reserved 1134592K
  class space    used 12749K, capacity 13934K, committed 13952K, reserved 1048576K
Event: 358.078 GC heap after
Heap after GC invocations=17 (full 3):
 PSYoungGen      total 355328K, used 2569K [0x00000000d5580000, 0x00000000ed380000, 0x0000000100000000)
  eden space 328192K, 0% used [0x00000000d5580000,0x00000000d5580000,0x00000000e9600000)
  from space 27136K, 9% used [0x00000000eb380000,0x00000000eb6027d0,0x00000000ece00000)
  to   space 30208K, 0% used [0x00000000e9600000,0x00000000e9600000,0x00000000eb380000)
 ParOldGen       total 136192K, used 90169K [0x0000000080000000, 0x0000000088500000, 0x00000000d5580000)
  object space 136192K, 66% used [0x0000000080000000,0x000000008580e7f8,0x0000000088500000)
 Metaspace       used 92382K, capacity 98426K, committed 98496K, reserved 1134592K
  class space    used 12749K, capacity 13934K, committed 13952K, reserved 1048576K
}
Event: 358.078 GC heap before
{Heap before GC invocations=18 (full 4):
 PSYoungGen      total 355328K, used 2569K [0x00000000d5580000, 0x00000000ed380000, 0x0000000100000000)
  eden space 328192K, 0% used [0x00000000d5580000,0x00000000d5580000,0x00000000e9600000)
  from space 27136K, 9% used [0x00000000eb380000,0x00000000eb6027d0,0x00000000ece00000)
  to   space 30208K, 0% used [0x00000000e9600000,0x00000000e9600000,0x00000000eb380000)
 ParOldGen       total 136192K, used 90169K [0x0000000080000000, 0x0000000088500000, 0x00000000d5580000)
  object space 136192K, 66% used [0x0000000080000000,0x000000008580e7f8,0x0000000088500000)
 Metaspace       used 92382K, capacity 98426K, committed 98496K, reserved 1134592K
  class space    used 12749K, capacity 13934K, committed 13952K, reserved 1048576K
Event: 358.219 GC heap after
Heap after GC invocations=18 (full 4):
 PSYoungGen      total 355328K, used 0K [0x00000000d5580000, 0x00000000ed380000, 0x0000000100000000)
  eden space 328192K, 0% used [0x00000000d5580000,0x00000000d5580000,0x00000000e9600000)
  from space 27136K, 0% used [0x00000000eb380000,0x00000000eb380000,0x00000000ece00000)
  to   space 30208K, 0% used [0x00000000e9600000,0x00000000e9600000,0x00000000eb380000)
 ParOldGen       total 136192K, used 62539K [0x0000000080000000, 0x0000000088500000, 0x00000000d5580000)
  object space 136192K, 45% used [0x0000000080000000,0x0000000083d12fa0,0x0000000088500000)
 Metaspace       used 92200K, capacity 97820K, committed 98496K, reserved 1134592K
  class space    used 12686K, capacity 13747K, committed 13952K, reserved 1048576K
}

