# JRE version: OpenJDK Runtime Environment (11.0.12+7) (build 11.0.12+7-b1504.28-7817840)
# Java VM: OpenJDK 64-Bit Server VM (11.0.12+7-b1504.28-7817840, mixed mode, tiered, compressed oops, g1 gc, windows-amd64)
Heap:
 garbage-first heap   total 396288K, used 228940K [0x0000000080000000, 0x0000000100000000)
  region size 1024K, 8 young (8192K), 8 survivors (8192K)
 Metaspace       used 187342K, capacity 192493K, committed 192632K, reserved 1216512K
  class space    used 23415K, capacity 25285K, committed 25292K, reserved 1048576K
GC Heap History (20 events):
Event: 1998.265 GC heap after
{Heap after GC invocations=96 (full 0):
 garbage-first heap   total 329728K, used 199516K [0x0000000080000000, 0x0000000100000000)
  region size 1024K, 6 young (6144K), 6 survivors (6144K)
 Metaspace       used 178919K, capacity 183476K, committed 184184K, reserved 1210368K
  class space    used 22225K, capacity 23829K, committed 24012K, reserved 1048576K
}
Event: 1998.499 GC heap before
{Heap before GC invocations=96 (full 0):
 garbage-first heap   total 329728K, used 208732K [0x0000000080000000, 0x0000000100000000)
  region size 1024K, 16 young (16384K), 6 survivors (6144K)
 Metaspace       used 179007K, capacity 183569K, committed 184440K, reserved 1210368K
  class space    used 22233K, capacity 23838K, committed 24012K, reserved 1048576K
}
Event: 1998.513 GC heap after
{Heap after GC invocations=97 (full 0):
 garbage-first heap   total 329728K, used 171995K [0x0000000080000000, 0x0000000100000000)
  region size 1024K, 2 young (2048K), 2 survivors (2048K)
 Metaspace       used 179007K, capacity 183569K, committed 184440K, reserved 1210368K
  class space    used 22233K, capacity 23838K, committed 24012K, reserved 1048576K
}
Event: 1999.180 GC heap before
{Heap before GC invocations=97 (full 0):
 garbage-first heap   total 329728K, used 185307K [0x0000000080000000, 0x0000000100000000)
  region size 1024K, 16 young (16384K), 2 survivors (2048K)
 Metaspace       used 179063K, capacity 183666K, committed 184440K, reserved 1210368K
  class space    used 22237K, capacity 23870K, committed 24012K, reserved 1048576K
}
Event: 1999.190 GC heap after
{Heap after GC invocations=98 (full 0):
 garbage-first heap   total 329728K, used 170488K [0x0000000080000000, 0x0000000100000000)
  region size 1024K, 1 young (1024K), 1 survivors (1024K)
 Metaspace       used 179063K, capacity 183666K, committed 184440K, reserved 1210368K
  class space    used 22237K, capacity 23870K, committed 24012K, reserved 1048576K
}
Event: 2000.220 GC heap before
{Heap before GC invocations=98 (full 0):
 garbage-first heap   total 329728K, used 262648K [0x0000000080000000, 0x0000000100000000)
  region size 1024K, 92 young (94208K), 1 survivors (1024K)
 Metaspace       used 180217K, capacity 184973K, committed 185592K, reserved 1210368K
  class space    used 22393K, capacity 24045K, committed 24140K, reserved 1048576K
}
Event: 2000.242 GC heap after
{Heap after GC invocations=99 (full 0):
 garbage-first heap   total 329728K, used 176859K [0x0000000080000000, 0x0000000100000000)
  region size 1024K, 8 young (8192K), 8 survivors (8192K)
 Metaspace       used 180217K, capacity 184973K, committed 185592K, reserved 1210368K
  class space    used 22393K, capacity 24045K, committed 24140K, reserved 1048576K
}
Event: 2000.582 GC heap before
{Heap before GC invocations=100 (full 0):
 garbage-first heap   total 329728K, used 266971K [0x0000000080000000, 0x0000000100000000)
  region size 1024K, 96 young (98304K), 8 survivors (8192K)
 Metaspace       used 181130K, capacity 185887K, committed 186232K, reserved 1212416K
  class space    used 22525K, capacity 24192K, committed 24268K, reserved 1048576K
}
Event: 2000.591 GC heap after
{Heap after GC invocations=101 (full 0):
 garbage-first heap   total 329728K, used 186306K [0x0000000080000000, 0x0000000100000000)
  region size 1024K, 12 young (12288K), 12 survivors (12288K)
 Metaspace       used 181130K, capacity 185887K, committed 186232K, reserved 1212416K
  class space    used 22525K, capacity 24192K, committed 24268K, reserved 1048576K
}
Event: 2000.603 GC heap before
{Heap before GC invocations=101 (full 0):
 garbage-first heap   total 329728K, used 189378K [0x0000000080000000, 0x0000000100000000)
  region size 1024K, 16 young (16384K), 12 survivors (12288K)
 Metaspace       used 181220K, capacity 186015K, committed 186488K, reserved 1212416K
  class space    used 22535K, capacity 24192K, committed 24268K, reserved 1048576K
}
Event: 2000.614 GC heap after
{Heap after GC invocations=102 (full 0):
 garbage-first heap   total 329728K, used 179773K [0x0000000080000000, 0x0000000100000000)
  region size 1024K, 2 young (2048K), 2 survivors (2048K)
 Metaspace       used 181220K, capacity 186015K, committed 186488K, reserved 1212416K
  class space    used 22535K, capacity 24192K, committed 24268K, reserved 1048576K
}
Event: 2001.072 GC heap before
{Heap before GC invocations=102 (full 0):
 garbage-first heap   total 329728K, used 261693K [0x0000000080000000, 0x0000000100000000)
  region size 1024K, 83 young (84992K), 2 survivors (2048K)
 Metaspace       used 184626K, capacity 189567K, committed 189816K, reserved 1214464K
  class space    used 22999K, capacity 24748K, committed 24780K, reserved 1048576K
}
Event: 2001.092 GC heap after
{Heap after GC invocations=103 (full 0):
 garbage-first heap   total 329728K, used 195924K [0x0000000080000000, 0x0000000100000000)
  region size 1024K, 11 young (11264K), 11 survivors (11264K)
 Metaspace       used 184626K, capacity 189567K, committed 189816K, reserved 1214464K
  class space    used 22999K, capacity 24748K, committed 24780K, reserved 1048576K
}
Event: 2001.529 GC heap before
{Heap before GC invocations=104 (full 0):
 garbage-first heap   total 329728K, used 264532K [0x0000000080000000, 0x0000000100000000)
  region size 1024K, 79 young (80896K), 11 survivors (11264K)
 Metaspace       used 186080K, capacity 191028K, committed 191352K, reserved 1216512K
  class space    used 23194K, capacity 24931K, committed 25036K, reserved 1048576K
}
Event: 2001.563 GC heap after
{Heap after GC invocations=105 (full 0):
 garbage-first heap   total 329728K, used 206994K [0x0000000080000000, 0x0000000100000000)
  region size 1024K, 10 young (10240K), 10 survivors (10240K)
 Metaspace       used 186080K, capacity 191028K, committed 191352K, reserved 1216512K
  class space    used 23194K, capacity 24931K, committed 25036K, reserved 1048576K
}
Event: 2001.574 GC heap before
{Heap before GC invocations=105 (full 0):
 garbage-first heap   total 329728K, used 213138K [0x0000000080000000, 0x0000000100000000)
  region size 1024K, 16 young (16384K), 10 survivors (10240K)
 Metaspace       used 186098K, capacity 191028K, committed 191352K, reserved 1216512K
  class space    used 23197K, capacity 24931K, committed 25036K, reserved 1048576K
}
Event: 2001.596 GC heap after
{Heap after GC invocations=106 (full 0):
 garbage-first heap   total 329728K, used 207352K [0x0000000080000000, 0x0000000100000000)
  region size 1024K, 2 young (2048K), 2 survivors (2048K)
 Metaspace       used 186098K, capacity 191028K, committed 191352K, reserved 1216512K
  class space    used 23197K, capacity 24931K, committed 25036K, reserved 1048576K
}
Event: 2001.747 GC heap before
{Heap before GC invocations=106 (full 0):
 garbage-first heap   total 329728K, used 266744K [0x0000000080000000, 0x0000000100000000)
  region size 1024K, 61 young (62464K), 2 survivors (2048K)
 Metaspace       used 187262K, capacity 192455K, committed 192632K, reserved 1216512K
  class space    used 23407K, capacity 25276K, committed 25292K, reserved 1048576K
}
Event: 2001.772 GC heap after
{Heap after GC invocations=107 (full 0):
 garbage-first heap   total 329728K, used 219080K [0x0000000080000000, 0x0000000100000000)
  region size 1024K, 8 young (8192K), 8 survivors (8192K)
 Metaspace       used 187262K, capacity 192455K, committed 192632K, reserved 1216512K
  class space    used 23407K, capacity 25276K, committed 25292K, reserved 1048576K
}
Event: 2001.967 GC heap before
{Heap before GC invocations=107 (full 0):
 garbage-first heap   total 329728K, used 271304K [0x0000000080000000, 0x0000000100000000)
  region size 1024K, 59 young (60416K), 8 survivors (8192K)
 Metaspace       used 187342K, capacity 192493K, committed 192632K, reserved 1216512K
  class space    used 23415K, capacity 25285K, committed 25292K, reserved 1048576K
}

